<?xml version="1.0" encoding="UTF-8"?>
<!-- Generated by org.testng.reporters.JUnitXMLReporter -->
<testsuite ignored="0" hostname="DESKTOP-TQONPAL" failures="0" tests="3" name="Default test" time="15.629" errors="0" timestamp="2023-01-31T22:58:47 EST">
  <testcase classname="testng_automation_code_jan_31st_2023.MultipleWebsites" name="openAmazon" time="2.188"/>
  <testcase classname="testng_automation_code_jan_31st_2023.MultipleWebsites" name="openFlipkart" time="5.355"/>
  <testcase classname="testng_automation_code_jan_31st_2023.MultipleWebsites" name="openWalmart" time="3.377"/>
</testsuite> <!-- Default test -->
